{
  "RSpec": {
    "coverage": {
      "/Users/timothycole/OneDrive/Makers/Month_3/Cambridge-Analytica/spec/feature_tests/sign_up_new_user_spec.rb": [
        1,
        1,
        1,
        1,
        1,
        1,
        1,
        1,
        1,
        1,
        1,
        null,
        null
      ],
      "/Users/timothycole/OneDrive/Makers/Month_3/Cambridge-Analytica/spec/unit/db_handler_spec.rb": [
        1,
        null,
        null,
        1,
        1,
        1,
        1,
        1,
        null,
        null,
        null,
        1,
        1,
        1,
        1,
        1,
        1,
        null,
        null,
        null,
        null,
        1,
        1,
        1,
        1,
        1,
        1,
        null,
        null,
        null,
        null,
        null,
        null,
        null,
        null,
        null,
        null,
        null,
        null,
        null,
        null,
        null,
        null
      ]
    },
    "timestamp": 1564651043
  }
}
